[2026-04-21 10:36:40,938: INFO: main: Welcome to ML Batch P logs]
[2026-04-21 10:37:22,813: INFO: main: Welcome to ML Batch P logs]
[2026-04-23 10:42:04,743: INFO: common: YAML file config\config.yaml loaded successfully]
[2026-04-23 10:42:45,777: INFO: common: YAML file config\config.yaml loaded successfully]
[2026-04-23 10:42:45,782: INFO: common: YAML file params.yaml loaded successfully]
[2026-04-23 10:42:45,786: INFO: common: created directory at: artifacts]
[2026-04-23 10:42:45,790: INFO: common: created directory at: artifacts/data_ingestion]
[2026-04-23 10:42:47,774: INFO: 4037744573: artifacts/data_ingestion/data.zip download! with following info: 
Connection: close
Content-Length: 11616915
Cache-Control: max-age=300
Content-Security-Policy: default-src 'none'; style-src 'unsafe-inline'; sandbox
Content-Type: application/zip
ETag: "adf745abc03891fe493c3be264ec012691fe3fa21d861f35a27edbe6d86a76b1"
Strict-Transport-Security: max-age=31536000
X-Content-Type-Options: nosniff
X-Frame-Options: deny
X-XSS-Protection: 1; mode=block
X-GitHub-Request-Id: 66E4:44E65:5DC294:733FAC:69E9AA4E
Accept-Ranges: bytes
Date: Thu, 23 Apr 2026 05:12:47 GMT
Via: 1.1 varnish
X-Served-By: cache-del-vibw2260031-DEL
X-Cache: MISS
X-Cache-Hits: 0
X-Timer: S1776921167.807104,VS0,VE1169
Vary: Authorization,Accept-Encoding
Access-Control-Allow-Origin: *
Cross-Origin-Resource-Policy: cross-origin
X-Fastly-Request-ID: 45ddfdc1d1d69d0e12b1c796dbb9a0e13804a6f6
Expires: Thu, 23 Apr 2026 05:17:47 GMT
Source-Age: 1

]
[2026-04-24 10:39:45,958: INFO: main: >>>>>> Data Ingestion Stage started <<<<<<]
[2026-04-24 10:39:46,003: INFO: common: YAML file config\config.yaml loaded successfully]
[2026-04-24 10:39:46,030: INFO: common: YAML file params.yaml loaded successfully]
[2026-04-24 10:39:46,032: INFO: common: created directory at: artifacts]
[2026-04-24 10:39:46,034: INFO: common: created directory at: artifacts/data_ingestion]
[2026-04-24 10:39:46,035: INFO: data_ingestion: File already exists of size: ~ 11345 KB]
[2026-04-24 10:39:47,278: INFO: main: >>>>>> Data Ingestion Stage completed <<<<<<

x==========x]
